Сборка начата 15.11.2022 21:22:43.
Уровень детализации журнала: Normal.     1>Проект "C:\Users\user\Desktop\LABSC++\Lab08\lab08\lab08\lab08.vcxproj" в узле 2 (целевые объекты Build).
     1>PrepareForBuild:
         Создание каталога "C:\Users\user\Desktop\LABSC++\Lab08\lab08\Debug\".
         Создание каталога "Debug\lab08.tlog\".
       InitializeBuildStatus:
         Создание "Debug\lab08.tlog\unsuccessfulbuild", так как было задано "AlwaysCreate".
       ClCompile:
         C:\Program Files (x86)\Microsoft Visual Studio\2019\Community\VC\Tools\MSVC\14.29.30133\bin\HostX86\x86\CL.exe /c /ZI /JMC /nologo /W3 /WX- /diagnostics:column /sdl /Od /Oy- /D WIN32 /D _DEBUG /D _CONSOLE /D _UNICODE /D UNICODE /Gm- /EHsc /RTC1 /MDd /GS /fp:precise /permissive- /Zc:wchar_t /Zc:forScope /Zc:inline /Fo"Debug\\" /Fd"Debug\vc142.pdb" /external:W3 /Gd /TP /analyze- /FC /errorReport:prompt 8.1main.cpp 8.2.cpp 8.3.cpp
         8.1main.cpp
         8.2.cpp
         8.3.cpp
         Создание кода...
       Link:
         C:\Program Files (x86)\Microsoft Visual Studio\2019\Community\VC\Tools\MSVC\14.29.30133\bin\HostX86\x86\link.exe /ERRORREPORT:PROMPT /OUT:"C:\Users\user\Desktop\LABSC++\Lab08\lab08\Debug\lab08.exe" /INCREMENTAL /ILK:"Debug\lab08.ilk" /NOLOGO kernel32.lib user32.lib gdi32.lib winspool.lib comdlg32.lib advapi32.lib shell32.lib ole32.lib oleaut32.lib uuid.lib odbc32.lib odbccp32.lib /MANIFEST /MANIFESTUAC:"level='asInvoker' uiAccess='false'" /manifest:embed /DEBUG /PDB:"C:\Users\user\Desktop\LABSC++\Lab08\lab08\Debug\lab08.pdb" /SUBSYSTEM:CONSOLE /TLBID:1 /DYNAMICBASE /NXCOMPAT /IMPLIB:"C:\Users\user\Desktop\LABSC++\Lab08\lab08\Debug\lab08.lib" /MACHINE:X86 Debug\8.1main.obj
         Debug\8.2.obj
         Debug\8.3.obj
         lab08.vcxproj -> C:\Users\user\Desktop\LABSC++\Lab08\lab08\Debug\lab08.exe
       FinalizeBuildStatus:
         Файл "Debug\lab08.tlog\unsuccessfulbuild" удаляется.
         Обращение к "Debug\lab08.tlog\lab08.lastbuildstate".
     1>Сборка проекта "C:\Users\user\Desktop\LABSC++\Lab08\lab08\lab08\lab08.vcxproj" завершена (целевые объекты Build).

Сборка успешно завершена.
    Предупреждений: 0
    Ошибок: 0

Прошло времени 00:00:01.68
