Сборка начата 02.11.2022 17:21:32.
Уровень детализации журнала: Normal.     1>Проект "C:\Users\user\Desktop\LABSC++\Lab06\Lab06\Lab06.vcxproj" в узле 2 (целевые объекты Build).
     1>InitializeBuildStatus:
         Создание "Debug\Lab06.tlog\unsuccessfulbuild", так как было задано "AlwaysCreate".
       ClCompile:
         C:\Program Files (x86)\Microsoft Visual Studio\2019\Community\VC\Tools\MSVC\14.29.30133\bin\HostX86\x86\CL.exe /c /ZI /JMC /nologo /W3 /WX- /diagnostics:column /sdl /Od /Oy- /D WIN32 /D _DEBUG /D _CONSOLE /D _UNICODE /D UNICODE /Gm- /EHsc /RTC1 /MDd /GS /fp:precise /permissive- /Zc:wchar_t /Zc:forScope /Zc:inline /Fo"Debug\\" /Fd"Debug\vc142.pdb" /external:W3 /Gd /TP /analyze- /FC /errorReport:prompt case1.cpp
         case1.cpp
       Link:
         C:\Program Files (x86)\Microsoft Visual Studio\2019\Community\VC\Tools\MSVC\14.29.30133\bin\HostX86\x86\link.exe /ERRORREPORT:PROMPT /OUT:"C:\Users\user\Desktop\LABSC++\Lab06\Debug\Lab06.exe" /INCREMENTAL /ILK:"Debug\Lab06.ilk" /NOLOGO kernel32.lib user32.lib gdi32.lib winspool.lib comdlg32.lib advapi32.lib shell32.lib ole32.lib oleaut32.lib uuid.lib odbc32.lib odbccp32.lib /MANIFEST /MANIFESTUAC:"level='asInvoker' uiAccess='false'" /manifest:embed /DEBUG /PDB:"C:\Users\user\Desktop\LABSC++\Lab06\Debug\Lab06.pdb" /SUBSYSTEM:CONSOLE /TLBID:1 /DYNAMICBASE /NXCOMPAT /IMPLIB:"C:\Users\user\Desktop\LABSC++\Lab06\Debug\Lab06.lib" /MACHINE:X86 Debug\case1.obj
         Debug\case2.obj
         Debug\case3.obj
         Debug\lab06.obj
         Debug\symbol.obj
         Lab06.vcxproj -> C:\Users\user\Desktop\LABSC++\Lab06\Debug\Lab06.exe
       FinalizeBuildStatus:
         Файл "Debug\Lab06.tlog\unsuccessfulbuild" удаляется.
         Обращение к "Debug\Lab06.tlog\Lab06.lastbuildstate".
     1>Сборка проекта "C:\Users\user\Desktop\LABSC++\Lab06\Lab06\Lab06.vcxproj" завершена (целевые объекты Build).

Сборка успешно завершена.
    Предупреждений: 0
    Ошибок: 0

Прошло времени 00:00:01.16
